<?xml version="1.0" encoding="UTF-8"?>
<!-- Generated by org.testng.reporters.JUnitReportReporter -->
<testsuite hostname="LAPTOP-IOIQTDLN" failures="0" tests="4" name="com.qa.testLayer.HomepageTest" time="85.072" errors="0" timestamp="2022-06-30T09:22:19 IST" skipped="0">
  <testcase classname="com.qa.testLayer.HomepageTest" name="verifyadd" time="38.205"/>
  <system-out/>
  <testcase classname="com.qa.testLayer.HomepageTest" name="verifysub" time="15.134"/>
  <system-out/>
  <testcase classname="com.qa.testLayer.HomepageTest" name="VerifyMultiplication" time="14.287"/>
  <system-out/>
  <testcase classname="com.qa.testLayer.HomepageTest" name="VerifyDiv" time="17.446"/>
  <system-out/>
</testsuite> <!-- com.qa.testLayer.HomepageTest -->
